
OpenSBI v0.4 (Jul  2 2019 11:53:53)
   ____                    _____ ____ _____
  / __ \                  / ____|  _ \_   _|
 | |  | |_ __   ___ _ __ | (___ | |_) || |
 | |  | | '_ \ / _ \ '_ \ \___ \|  _ < | |
 | |__| | |_) |  __/ | | |____) | |_) || |_
  \____/| .__/ \___|_| |_|_____/|____/_____|
        | |
        |_|

Platform Name          : QEMU Virt Machine
Platform HART Features : RV64ACDFIMSU
Platform Max HARTs     : 8
Current Hart           : 0
Firmware Base          : 0x80000000
Firmware Size          : 112 KB
Runtime SBI Version    : 0.1

PMP0: 0x0000000080000000-0x000000008001ffff (A)
PMP1: 0x0000000000000000-0xffffffffffffffff (A,R,W,X)
DTB Init
HartID: 0
DTB Address: 0x82200000
Physical Memory from DTB:
  Base: 0x0000000080000000
  Size: 0x0000000008000000 (128 MB)
  End:  0x0000000087ffffff
DTB init completed
(THU.CST) os is loading ...

Special kernel symbols:
  entry  0xc020004a (virtual)
  etext  0xc0205cf4 (virtual)
  edata  0xc02d607c (virtual)
  end    0xc02da524 (virtual)
Kernel executable memory footprint: 874KB
memory management: default_pmm_manager
physcial memory map:
  memory: 0x08000000, [0x80000000, 0x87ffffff].
vapaofset is 18446744070488326144
check_alloc_page() succeeded!
check_pgdir() succeeded!
check_boot_pgdir() succeeded!
use SLOB allocator
kmalloc_init() succeeded!
check_vma_struct() succeeded!
check_vmm() succeeded.
[FORK] Using COW to copy memory
++ setup timer interrupts
[FORK] Using COW to copy memory
kernel_execve: pid = 2, name = "badarg".
Breakpoint
[FORK] Using COW to copy memory
Store/AMO page fault at 0x7fffff5c
[COW] Page fault at addr 0x7fffff5c, error_code=0xf
[COW] Valid COW page detected, PTE=0x201395db
[COW] Physical page ref_count = 3
[COW] Multiple references (3), performing copy
[COW] New page allocated
[COW] Page content copied
[COW] New mapping established, PTE=0x2013c81f
[COW] Old page ref_count decreased to 2
[COW] New page ref_count = 1
COW page fault handled successfully
fork ok.
badarg pass.
all user-mode processes have quit.
init check memory pass.
kernel panic at kern/process/proc.c:616:
    initproc exit.

